[debug] [2025-07-02T07:31:05.958Z] ----------------------------------------------------------------------
[debug] [2025-07-02T07:31:05.968Z] Command:       D:\vs files\node.exe C:\Users\DAWITBIRHANUR.SIINQEEBANK\AppData\Roaming\npm\node_modules\firebase-tools\lib\bin\firebase.js init
[debug] [2025-07-02T07:31:05.970Z] CLI Version:   14.9.0
[debug] [2025-07-02T07:31:05.970Z] Platform:      win32
[debug] [2025-07-02T07:31:05.970Z] Node Version:  v22.17.0
[debug] [2025-07-02T07:31:05.971Z] Time:          Wed Jul 02 2025 10:31:05 GMT+0300 (East Africa Time)
[debug] [2025-07-02T07:31:05.972Z] ----------------------------------------------------------------------
[debug] 
[debug] [2025-07-02T07:31:05.979Z] > command requires scopes: ["email","openid","https://www.googleapis.com/auth/cloudplatformprojects.readonly","https://www.googleapis.com/auth/firebase","https://www.googleapis.com/auth/cloud-platform"]
[debug] [2025-07-02T07:31:05.979Z] > authorizing via signed-in user (devabirhanu7@gmail.com)
[info] 
     ######## #### ########  ######## ########     ###     ######  ########
     ##        ##  ##     ## ##       ##     ##  ##   ##  ##       ##
     ######    ##  ########  ######   ########  #########  ######  ######
     ##        ##  ##    ##  ##       ##     ## ##     ##       ## ##
     ##       #### ##     ## ######## ########  ##     ##  ######  ########

You're about to initialize a Firebase project in this directory:

  C:\Users\DAWITBIRHANUR.SIINQEEBANK\Videos\Amazon.e\Amazon.c\vite-project\src

[info] 
=== Project Setup
[info] 
[info] First, let's associate this project directory with a Firebase project.
[info] You can create multiple project aliases by running firebase use --add, 
[info] but for now we'll just set up a default project.
[info] 
[info] i  If you want to create a project in a Google Cloud organization or folder, please use "firebase projects:create" instead, and return to this command when you've created the project. 
